<?xml version="1.0" encoding="utf-8"?><testsuites name="pytest tests"><testsuite name="pytest" errors="0" failures="0" skipped="0" tests="22" time="3.088" timestamp="2026-09-05T15:07:27.295217+00:00" hostname="agent-env-8a789b11-fd19-4b84-a3e8-4cc0a373340e"><testcase classname="tests.test_topone_backend.TestAdminAuth" name="test_login_wrong_pin" time="0.649" /><testcase classname="tests.test_topone_backend.TestPublic" name="test_root" time="0.647" /><testcase classname="tests.test_topone_backend.TestPublic" name="test_health" time="0.059" /><testcase classname="tests.test_topone_backend.TestAdminAuth" name="test_stats_requires_auth" time="0.057" /><testcase classname="tests.test_topone_backend.TestAdminAuth" name="test_users_requires_auth" time="0.055" /><testcase classname="tests.test_topone_backend.TestPublic" name="test_games_list" time="0.106" /><testcase classname="tests.test_topone_backend.TestAdminAuth" name="test_payments_requires_auth" time="0.055" /><testcase classname="tests.test_topone_backend.TestPublic" name="test_plans" time="0.500" /><testcase classname="tests.test_topone_backend.TestPublic" name="test_announcements_has_welcome" time="0.058" /><testcase classname="tests.test_topone_backend.TestAdminAuth" name="test_admin_stats" time="0.551" /><testcase classname="tests.test_topone_backend.TestPublic" name="test_payments_config" time="0.097" /><testcase classname="tests.test_topone_backend.TestUserSession" name="test_init_new_user" time="0.056" /><testcase classname="tests.test_topone_backend.TestUserSession" name="test_init_idempotent" time="0.052" /><testcase classname="tests.test_topone_backend.TestUserSession" name="test_me_requires_auth" time="0.050" /><testcase classname="tests.test_topone_backend.TestUserSession" name="test_me_authenticated" time="0.050" /><testcase classname="tests.test_topone_backend.TestNotifications" name="test_welcome_notification_present" time="0.165" /><testcase classname="tests.test_topone_backend.TestPaymentRejectFlow" name="test_reject" time="0.222" /><testcase classname="tests.test_topone_backend.TestNotifications" name="test_read_all" time="0.112" /><testcase classname="tests.test_topone_backend.TestResults" name="test_publish_and_appear" time="0.556" /><testcase classname="tests.test_topone_backend.TestPaymentVerifyFlow" name="test_full_flow" time="0.896" /><testcase classname="tests.test_topone_backend.TestAudit" name="test_audit_entries" time="0.056" /><testcase classname="tests.test_topone_backend.TestAnnouncementAdmin" name="test_create_and_visible" time="0.119" /></testsuite></testsuites>